<?xml version="1.0" encoding="UTF-8"?>
<testng-results ignored="0" total="3" passed="2" failed="1" skipped="0">
  <reporter-output>
  </reporter-output>
  <suite started-at="2023-02-20T11:22:23 IST" name="Default suite" finished-at="2023-02-20T11:22:57 IST" duration-ms="34679">
    <groups>
    </groups>
    <test started-at="2023-02-20T11:22:23 IST" name="Default test" finished-at="2023-02-20T11:22:57 IST" duration-ms="34679">
      <class name="AdminModuleTestCase.AllCredLoginPage_Test">
        <test-method is-config="true" signature="setupMethod()[pri:0, instance:AdminModuleTestCase.AllCredLoginPage_Test@5e4bd84a]" started-at="2023-02-20T11:22:23 IST" name="setupMethod" finished-at="2023-02-20T11:22:27 IST" duration-ms="4481" status="PASS">
          <reporter-output>
          </reporter-output>
        </test-method> <!-- setupMethod -->
        <test-method signature="insuranceCalculate(java.lang.Object)[pri:0, instance:AdminModuleTestCase.AllCredLoginPage_Test@5e4bd84a]" started-at="2023-02-20T11:22:27 IST" name="insuranceCalculate" data-provider="allLogin" finished-at="2023-02-20T11:22:39 IST" duration-ms="12140" status="PASS">
          <params>
            <param index="0">
              <value>
                <![CDATA[{Role=Admin, password=Admin123, TC Name=Verify able to login as Admin, TC No=1, username=hr@snipe.co.in}]]>
              </value>
            </param>
          </params>
          <reporter-output>
          </reporter-output>
        </test-method> <!-- insuranceCalculate -->
        <test-method is-config="true" signature="cleanUp()[pri:0, instance:AdminModuleTestCase.AllCredLoginPage_Test@5e4bd84a]" started-at="2023-02-20T11:22:39 IST" name="cleanUp" finished-at="2023-02-20T11:22:39 IST" duration-ms="1" status="PASS">
          <reporter-output>
          </reporter-output>
        </test-method> <!-- cleanUp -->
        <test-method is-config="true" signature="setupMethod()[pri:0, instance:AdminModuleTestCase.AllCredLoginPage_Test@5e4bd84a]" started-at="2023-02-20T11:22:39 IST" name="setupMethod" finished-at="2023-02-20T11:22:42 IST" duration-ms="2364" status="PASS">
          <reporter-output>
          </reporter-output>
        </test-method> <!-- setupMethod -->
        <test-method signature="insuranceCalculate(java.lang.Object)[pri:0, instance:AdminModuleTestCase.AllCredLoginPage_Test@5e4bd84a]" started-at="2023-02-20T11:22:42 IST" name="insuranceCalculate" data-provider="allLogin" finished-at="2023-02-20T11:22:53 IST" duration-ms="11604" status="PASS">
          <params>
            <param index="0">
              <value>
                <![CDATA[{Role=Institute, password=welcome@123, TC Name=Verify able to login as Institute, TC No=2, username=test2@gmail.com}]]>
              </value>
            </param>
          </params>
          <reporter-output>
          </reporter-output>
        </test-method> <!-- insuranceCalculate -->
        <test-method is-config="true" signature="cleanUp()[pri:0, instance:AdminModuleTestCase.AllCredLoginPage_Test@5e4bd84a]" started-at="2023-02-20T11:22:53 IST" name="cleanUp" finished-at="2023-02-20T11:22:53 IST" duration-ms="0" status="PASS">
          <reporter-output>
          </reporter-output>
        </test-method> <!-- cleanUp -->
        <test-method is-config="true" signature="setupMethod()[pri:0, instance:AdminModuleTestCase.AllCredLoginPage_Test@5e4bd84a]" started-at="2023-02-20T11:22:53 IST" name="setupMethod" finished-at="2023-02-20T11:22:56 IST" duration-ms="2814" status="PASS">
          <reporter-output>
          </reporter-output>
        </test-method> <!-- setupMethod -->
        <test-method signature="insuranceCalculate(java.lang.Object)[pri:0, instance:AdminModuleTestCase.AllCredLoginPage_Test@5e4bd84a]" started-at="2023-02-20T11:22:56 IST" name="insuranceCalculate" data-provider="allLogin" finished-at="2023-02-20T11:22:57 IST" duration-ms="1206" status="FAIL">
          <params>
            <param index="0">
              <value>
                <![CDATA[{Role=Faculty, password=welcome@123, TC Name=Verify able to login as Faculty, TC No=3, username=test3@gmail.com}]]>
              </value>
            </param>
          </params>
          <exception class="org.openqa.selenium.ElementClickInterceptedException">
            <message>
              <![CDATA[element click intercepted: Element <a href="#" id="proceed-link" class="small-link">...</a> is not clickable at point (407, 550). Other element would receive the click: <div class="nav-wrapper">...</div>
  (Session info: chrome=109.0.5414.122)
Build info: version: '4.0.0-alpha-6', revision: '5f43a29cfc'
System info: host: 'OZOLE', ip: '192.168.137.1', os.name: 'Windows 11', os.arch: 'amd64', os.version: '10.0', java.version: '18.0.1.1'
Driver info: org.openqa.selenium.chrome.ChromeDriver
Capabilities {acceptInsecureCerts: false, browserName: chrome, browserVersion: 109.0.5414.122, chrome: {chromedriverVersion: 109.0.5414.74 (e7c5703604da..., userDataDir: C:\Users\Robin\AppData\Loca...}, goog:chromeOptions: {debuggerAddress: localhost:63811}, javascriptEnabled: true, networkConnectionEnabled: false, pageLoadStrategy: normal, platform: WINDOWS, platformName: WINDOWS, proxy: Proxy(), setWindowRect: true, strictFileInteractability: false, timeouts: {implicit: 0, pageLoad: 300000, script: 30000}, unhandledPromptBehavior: dismiss and notify, webauthn:extension:credBlob: true, webauthn:extension:largeBlob: true, webauthn:virtualAuthenticators: true}
Session ID: d1bd9feaea2fb5f256110255e439d706]]>
            </message>
            <full-stacktrace>
              <![CDATA[org.openqa.selenium.ElementClickInterceptedException: element click intercepted: Element <a href="#" id="proceed-link" class="small-link">...</a> is not clickable at point (407, 550). Other element would receive the click: <div class="nav-wrapper">...</div>
  (Session info: chrome=109.0.5414.122)
Build info: version: '4.0.0-alpha-6', revision: '5f43a29cfc'
System info: host: 'OZOLE', ip: '192.168.137.1', os.name: 'Windows 11', os.arch: 'amd64', os.version: '10.0', java.version: '18.0.1.1'
Driver info: org.openqa.selenium.chrome.ChromeDriver
Capabilities {acceptInsecureCerts: false, browserName: chrome, browserVersion: 109.0.5414.122, chrome: {chromedriverVersion: 109.0.5414.74 (e7c5703604da..., userDataDir: C:\Users\Robin\AppData\Loca...}, goog:chromeOptions: {debuggerAddress: localhost:63811}, javascriptEnabled: true, networkConnectionEnabled: false, pageLoadStrategy: normal, platform: WINDOWS, platformName: WINDOWS, proxy: Proxy(), setWindowRect: true, strictFileInteractability: false, timeouts: {implicit: 0, pageLoad: 300000, script: 30000}, unhandledPromptBehavior: dismiss and notify, webauthn:extension:credBlob: true, webauthn:extension:largeBlob: true, webauthn:virtualAuthenticators: true}
Session ID: d1bd9feaea2fb5f256110255e439d706
at java.base/jdk.internal.reflect.DirectConstructorHandleAccessor.newInstance(DirectConstructorHandleAccessor.java:67)
at java.base/java.lang.reflect.Constructor.newInstanceWithCaller(Constructor.java:499)
at java.base/java.lang.reflect.Constructor.newInstance(Constructor.java:483)
at org.openqa.selenium.remote.codec.w3c.W3CHttpResponseCodec.createException(W3CHttpResponseCodec.java:196)
at org.openqa.selenium.remote.codec.w3c.W3CHttpResponseCodec.decode(W3CHttpResponseCodec.java:129)
at org.openqa.selenium.remote.codec.w3c.W3CHttpResponseCodec.decode(W3CHttpResponseCodec.java:53)
at org.openqa.selenium.remote.HttpCommandExecutor.execute(HttpCommandExecutor.java:160)
at org.openqa.selenium.remote.service.DriverCommandExecutor.execute(DriverCommandExecutor.java:83)
at org.openqa.selenium.remote.RemoteWebDriver.execute(RemoteWebDriver.java:582)
at org.openqa.selenium.remote.RemoteWebElement.execute(RemoteWebElement.java:316)
at org.openqa.selenium.remote.RemoteWebElement.click(RemoteWebElement.java:85)
at java.base/jdk.internal.reflect.DirectMethodHandleAccessor.invoke(DirectMethodHandleAccessor.java:104)
at java.base/java.lang.reflect.Method.invoke(Method.java:577)
at org.openqa.selenium.support.pagefactory.internal.LocatingElementHandler.invoke(LocatingElementHandler.java:52)
at jdk.proxy2/jdk.proxy2.$Proxy17.click(Unknown Source)
at pageObjects.LoginPageObjects.clickOnSignIn(LoginPageObjects.java:40)
at AdminModuleTestCase.AllCredLoginPage_Test.insuranceCalculate(AllCredLoginPage_Test.java:28)
at java.base/jdk.internal.reflect.DirectMethodHandleAccessor.invoke(DirectMethodHandleAccessor.java:104)
at java.base/java.lang.reflect.Method.invoke(Method.java:577)
at org.testng.internal.MethodInvocationHelper.invokeMethod(MethodInvocationHelper.java:134)
at org.testng.internal.TestInvoker.invokeMethod(TestInvoker.java:597)
at org.testng.internal.TestInvoker.invokeTestMethod(TestInvoker.java:173)
at org.testng.internal.MethodRunner.runInSequence(MethodRunner.java:46)
at org.testng.internal.TestInvoker$MethodInvocationAgent.invoke(TestInvoker.java:816)
at org.testng.internal.TestInvoker.invokeTestMethods(TestInvoker.java:146)
at org.testng.internal.TestMethodWorker.invokeTestMethods(TestMethodWorker.java:146)
at org.testng.internal.TestMethodWorker.run(TestMethodWorker.java:128)
at java.base/java.util.ArrayList.forEach(ArrayList.java:1511)
at org.testng.TestRunner.privateRun(TestRunner.java:766)
at org.testng.TestRunner.run(TestRunner.java:587)
at org.testng.SuiteRunner.runTest(SuiteRunner.java:384)
at org.testng.SuiteRunner.runSequentially(SuiteRunner.java:378)
at org.testng.SuiteRunner.privateRun(SuiteRunner.java:337)
at org.testng.SuiteRunner.run(SuiteRunner.java:286)
at org.testng.SuiteRunnerWorker.runSuite(SuiteRunnerWorker.java:53)
at org.testng.SuiteRunnerWorker.run(SuiteRunnerWorker.java:96)
at org.testng.TestNG.runSuitesSequentially(TestNG.java:1187)
at org.testng.TestNG.runSuitesLocally(TestNG.java:1109)
at org.testng.TestNG.runSuites(TestNG.java:1039)
at org.testng.TestNG.run(TestNG.java:1007)
at org.testng.remote.AbstractRemoteTestNG.run(AbstractRemoteTestNG.java:115)
at org.testng.remote.RemoteTestNG.initAndRun(RemoteTestNG.java:251)
at org.testng.remote.RemoteTestNG.main(RemoteTestNG.java:77)
]]>
            </full-stacktrace>
          </exception> <!-- org.openqa.selenium.ElementClickInterceptedException -->
          <reporter-output>
          </reporter-output>
        </test-method> <!-- insuranceCalculate -->
        <test-method is-config="true" signature="cleanUp()[pri:0, instance:AdminModuleTestCase.AllCredLoginPage_Test@5e4bd84a]" started-at="2023-02-20T11:22:57 IST" name="cleanUp" finished-at="2023-02-20T11:22:57 IST" duration-ms="0" status="PASS">
          <reporter-output>
          </reporter-output>
        </test-method> <!-- cleanUp -->
      </class> <!-- AdminModuleTestCase.AllCredLoginPage_Test -->
    </test> <!-- Default test -->
  </suite> <!-- Default suite -->
</testng-results>
